#
# There is insufficient memory for the Java Runtime Environment to continue.
# Native memory allocation (mmap) failed to map 266338304 bytes for G1 virtual space
# Possible reasons:
#   The system is out of physical RAM or swap space
#   The process is running with CompressedOops enabled, and the Java Heap may be blocking the growth of the native heap
# Possible solutions:
#   Reduce memory load on the system
#   Increase physical memory or swap space
#   Check if swap backing store is full
#   Decrease Java heap size (-Xmx/-Xms)
#   Decrease number of Java threads
#   Decrease Java thread stack sizes (-Xss)
#   Set larger code cache with -XX:ReservedCodeCacheSize=
#   JVM is running with Zero Based Compressed Oops mode in which the Java heap is
#     placed in the first 32GB address space. The Java Heap base address is the
#     maximum limit for the native heap growth. Please use -XX:HeapBaseMinAddress
#     to set the Java Heap base and to place the Java Heap above 32GB virtual address.
# This output file may be truncated or incomplete.
#
#  Out of Memory Error (os_windows.cpp:3548), pid=18940, tid=23372
#
# JRE version:  (17.0.5+8) (build )
# Java VM: OpenJDK 64-Bit Server VM (17.0.5+8, mixed mode, sharing, tiered, compressed oops, compressed class ptrs, g1 gc, windows-amd64)
# No core dump will be written. Minidumps are not enabled by default on client versions of Windows
#

---------------  S U M M A R Y ------------

Command Line: -Dfile.encoding=UTF-8 --module-path=C:\javas\java_workspace\Basic\bin -XX:+ShowCodeDetailsInExceptionMessages -Djdk.module.main=Basic Basic/loopWhile.Quiz_UpDownGame2

Host: 11th Gen Intel(R) Core(TM) i7-1165G7 @ 2.80GHz, 8 cores, 15G,  Windows 10 , 64 bit Build 19041 (10.0.19041.2546)
Time: Wed Feb 22 14:01:30 2023  Windows 10 , 64 bit Build 19041 (10.0.19041.2546) elapsed time: 0.017089 seconds (0d 0h 0m 0s)

---------------  T H R E A D  ---------------

Current thread (0x000002a15bdd8b70):  JavaThread "Unknown thread" [_thread_in_vm, id=23372, stack(0x000000b83eb00000,0x000000b83ec00000)]

Stack: [0x000000b83eb00000,0x000000b83ec00000]
Native frames: (J=compiled Java code, j=interpreted, Vv=VM code, C=native code)
V  [jvm.dll+0x676b3a]
V  [jvm.dll+0x831444]
V  [jvm.dll+0x832bee]
V  [jvm.dll+0x833253]
V  [jvm.dll+0x244ce5]
V  [jvm.dll+0x673a49]
V  [jvm.dll+0x66811a]
V  [jvm.dll+0x303ceb]
V  [jvm.dll+0x30b1e6]
V  [jvm.dll+0x35adbe]
V  [jvm.dll+0x35afef]
V  [jvm.dll+0x2dab88]
V  [jvm.dll+0x2dbaf4]
V  [jvm.dll+0x803121]
V  [jvm.dll+0x368bb1]
V  [jvm.dll+0x7e265c]
V  [jvm.dll+0x3eb17f]
V  [jvm.dll+0x3eccc1]
C  [jli.dll+0x5267]
C  [ucrtbase.dll+0x21bb2]
C  [KERNEL32.DLL+0x17614]
C  [ntdll.dll+0x526a1]


---------------  P R O C E S S  ---------------

Threads class SMR info:
_java_thread_list=0x00007ffc0f3b2f18, length=0, elements={
}

Java Threads: ( => current thread )

Other Threads:
  0x000002a15be45310 GCTaskThread "GC Thread#0" [stack: 0x000000b83ec00000,0x000000b83ed00000] [id=24604]
  0x000002a15be55e20 ConcurrentGCThread "G1 Main Marker" [stack: 0x000000b83ed00000,0x000000b83ee00000] [id=24996]
  0x000002a15be56ed0 ConcurrentGCThread "G1 Conc#0" [stack: 0x000000b83ee00000,0x000000b83ef00000] [id=19236]

[error occurred during error reporting (printing all threads), id 0xc0000005, EXCEPTION_ACCESS_VIOLATION (0xc0000005) at pc=0x00007ffc0eb8b617]

VM state: not at safepoint (not fully initialized)

VM Mutex/Monitor currently owned by a thread:  ([mutex/lock_event])
[0x000002a15bdd22c0] Heap_lock - owner thread: 0x000002a15bdd8b70

Heap address: 0x0000000703200000, size: 4046 MB, Compressed Oops mode: Zero based, Oop shift amount: 3

CDS archive(s) mapped at: [0x0000000000000000-0x0000000000000000-0x0000000000000000), size 0, SharedBaseAddress: 0x0000000800000000, ArchiveRelocationMode: 0.
Narrow klass base: 0x0000000000000000, Narrow klass shift: 0, Narrow klass range: 0x0

GC Precious Log:
<Empty>

Heap:
 garbage-first heap   total 0K, used 0K [0x0000000703200000, 0x0000000800000000)
  region size 2048K, 0 young (0K), 0 survivors (0K)

[error occurred during error reporting (printing heap information), id 0xc0000005, EXCEPTION_ACCESS_VIOLATION (0xc0000005) at pc=0x00007ffc0ef6fcb9]

GC Heap History (0 events):
No events

Dll operation events (1 events):
Event: 0.004 Loaded shared library C:\javas\eclipse\plugins\org.eclipse.justj.openjdk.hotspot.jre.full.win32.x86_64_17.0.5.v20221102-0933\jre\bin\java.dll

Deoptimization events (0 events):
No events

Classes unloaded (0 events):
No events

Classes redefined (0 events):
No events

Internal exceptions (0 events):
No events

VM Operations (0 events):
No events

Events (0 events):
No events


Dynamic libraries:
0x00007ff6bef70000 - 0x00007ff6bef7e000 	C:\javas\eclipse\plugins\org.eclipse.justj.openjdk.hotspot.jre.full.win32.x86_64_17.0.5.v20221102-0933\jre\bin\javaw.exe
0x00007ffc592b0000 - 0x00007ffc594a8000 	C:\Windows\SYSTEM32\ntdll.dll
0x00007ffc58de0000 - 0x00007ffc58e9f000 	C:\Windows\System32\KERNEL32.DLL
0x00007ffc56e20000 - 0x00007ffc570f2000 	C:\Windows\System32\KERNELBASE.dll
0x00007ffc569a0000 - 0x00007ffc56aa0000 	C:\Windows\System32\ucrtbase.dll
0x00007ffc4ec90000 - 0x00007ffc4eca7000 	C:\javas\eclipse\plugins\org.eclipse.justj.openjdk.hotspot.jre.full.win32.x86_64_17.0.5.v20221102-0933\jre\bin\jli.dll
0x00007ffc49920000 - 0x00007ffc49939000 	C:\javas\eclipse\plugins\org.eclipse.justj.openjdk.hotspot.jre.full.win32.x86_64_17.0.5.v20221102-0933\jre\bin\VCRUNTIME140.dll
0x00007ffc590c0000 - 0x00007ffc59261000 	C:\Windows\System32\USER32.dll
0x00007ffc56b90000 - 0x00007ffc56bb2000 	C:\Windows\System32\win32u.dll
0x00007ffc26830000 - 0x00007ffc26aca000 	C:\Windows\WinSxS\amd64_microsoft.windows.common-controls_6595b64144ccf1df_6.0.19041.1110_none_60b5254171f9507e\COMCTL32.dll
0x00007ffc58cb0000 - 0x00007ffc58cdb000 	C:\Windows\System32\GDI32.dll
0x00007ffc583f0000 - 0x00007ffc5848e000 	C:\Windows\System32\msvcrt.dll
0x00007ffc571e0000 - 0x00007ffc572ef000 	C:\Windows\System32\gdi32full.dll
0x00007ffc56af0000 - 0x00007ffc56b8d000 	C:\Windows\System32\msvcp_win.dll
0x00007ffc58ce0000 - 0x00007ffc58d12000 	C:\Windows\System32\IMM32.DLL
0x00007ffc49cc0000 - 0x00007ffc49ccc000 	C:\javas\eclipse\plugins\org.eclipse.justj.openjdk.hotspot.jre.full.win32.x86_64_17.0.5.v20221102-0933\jre\bin\vcruntime140_1.dll
0x00007ffc370d0000 - 0x00007ffc37161000 	C:\javas\eclipse\plugins\org.eclipse.justj.openjdk.hotspot.jre.full.win32.x86_64_17.0.5.v20221102-0933\jre\bin\msvcp140.dll
0x00007ffc0e8a0000 - 0x00007ffc0f4e4000 	C:\javas\eclipse\plugins\org.eclipse.justj.openjdk.hotspot.jre.full.win32.x86_64_17.0.5.v20221102-0933\jre\bin\server\jvm.dll
0x00007ffc577c0000 - 0x00007ffc5786e000 	C:\Windows\System32\ADVAPI32.dll
0x00007ffc58630000 - 0x00007ffc586cc000 	C:\Windows\System32\sechost.dll
0x00007ffc57a40000 - 0x00007ffc57b65000 	C:\Windows\System32\RPCRT4.dll
0x00007ffc42a30000 - 0x00007ffc42a39000 	C:\Windows\SYSTEM32\WSOCK32.dll
0x00007ffc4ac10000 - 0x00007ffc4ac37000 	C:\Windows\SYSTEM32\WINMM.dll
0x00007ffc4ac90000 - 0x00007ffc4ac9a000 	C:\Windows\SYSTEM32\VERSION.dll
0x00007ffc58560000 - 0x00007ffc585cb000 	C:\Windows\System32\WS2_32.dll
0x00007ffc551f0000 - 0x00007ffc55202000 	C:\Windows\SYSTEM32\kernel.appcore.dll
0x00007ffc49640000 - 0x00007ffc4964a000 	C:\javas\eclipse\plugins\org.eclipse.justj.openjdk.hotspot.jre.full.win32.x86_64_17.0.5.v20221102-0933\jre\bin\jimage.dll
0x00007ffc54750000 - 0x00007ffc54934000 	C:\Windows\SYSTEM32\DBGHELP.DLL
0x00007ffc4a700000 - 0x00007ffc4a735000 	C:\Windows\SYSTEM32\dbgcore.DLL
0x00007ffc56d90000 - 0x00007ffc56e12000 	C:\Windows\System32\bcryptPrimitives.dll
0x00007ffc36bf0000 - 0x00007ffc36c15000 	C:\javas\eclipse\plugins\org.eclipse.justj.openjdk.hotspot.jre.full.win32.x86_64_17.0.5.v20221102-0933\jre\bin\java.dll

dbghelp: loaded successfully - version: 4.0.5 - missing functions: none
symbol engine: initialized successfully - sym options: 0x614 - pdb path: .;C:\javas\eclipse\plugins\org.eclipse.justj.openjdk.hotspot.jre.full.win32.x86_64_17.0.5.v20221102-0933\jre\bin;C:\Windows\SYSTEM32;C:\Windows\WinSxS\amd64_microsoft.windows.common-controls_6595b64144ccf1df_6.0.19041.1110_none_60b5254171f9507e;C:\javas\eclipse\plugins\org.eclipse.justj.openjdk.hotspot.jre.full.win32.x86_64_17.0.5.v20221102-0933\jre\bin\server

VM Arguments:
jvm_args: -Dfile.encoding=UTF-8 --module-path=C:\javas\java_workspace\Basic\bin -XX:+ShowCodeDetailsInExceptionMessages -Djdk.module.main=Basic 
java_command: Basic/loopWhile.Quiz_UpDownGame2
java_class_path (initial): <not set>
Launcher Type: SUN_STANDARD

[Global flags]
     intx CICompilerCount                          = 4                                         {product} {ergonomic}
     uint ConcGCThreads                            = 2                                         {product} {ergonomic}
     uint G1ConcRefinementThreads                  = 8                                         {product} {ergonomic}
   size_t G1HeapRegionSize                         = 2097152                                   {product} {ergonomic}
    uintx GCDrainStackTargetSize                   = 64                                        {product} {ergonomic}
   size_t InitialHeapSize                          = 266338304                                 {product} {ergonomic}
   size_t MarkStackSize                            = 4194304                                   {product} {ergonomic}
   size_t MaxHeapSize                              = 4242538496                                {product} {ergonomic}
   size_t MinHeapDeltaBytes                        = 2097152                                   {product} {ergonomic}
   size_t MinHeapSize                              = 8388608                                   {product} {ergonomic}
    uintx NonNMethodCodeHeapSize                   = 5839372                                {pd product} {ergonomic}
    uintx NonProfiledCodeHeapSize                  = 122909434                              {pd product} {ergonomic}
    uintx ProfiledCodeHeapSize                     = 122909434                              {pd product} {ergonomic}
    uintx ReservedCodeCacheSize                    = 251658240                              {pd product} {ergonomic}
     bool SegmentedCodeCache                       = true                                      {product} {ergonomic}
     bool ShowCodeDetailsInExceptionMessages       = true                                   {manageable} {command line}
   size_t SoftMaxHeapSize                          = 4242538496                             {manageable} {ergonomic}
     bool UseCompressedClassPointers               = true                           {product lp64_product} {ergonomic}
     bool UseCompressedOops                        = true                           {product lp64_product} {ergonomic}
     bool UseG1GC                                  = true                                      {product} {ergonomic}
     bool UseLargePagesIndividualAllocation        = false                                  {pd product} {ergonomic}

Logging:
Log output configuration:
 #0: stdout all=warning uptime,level,tags
 #1: stderr all=off uptime,level,tags

Environment Variables:
JAVA_HOME=C:\Program Files\Java\jdk1.8.0_361
PATH=C:/javas/eclipse//plugins/org.eclipse.justj.openjdk.hotspot.jre.full.win32.x86_64_17.0.5.v20221102-0933/jre/bin/server;C:/javas/eclipse//plugins/org.eclipse.justj.openjdk.hotspot.jre.full.win32.x86_64_17.0.5.v20221102-0933/jre/bin;C:\Program Files\Java\jdk1.8.0_361\bin;C:\oraclexe\app\oracle\product\11.2.0\server\bin;C:\Program Files (x86)\Common Files\Oracle\Java\javapath;C:\Windows\system32;C:\Windows;C:\Windows\System32\Wbem;C:\Windows\System32\WindowsPowerShell\v1.0\;C:\Windows\System32\OpenSSH\;C:\Program Files\NVIDIA Corporation\NVIDIA NvDLISR;C:\Program Files\VisualSVN Server\bin;C:\Users\troffe\AppData\Local\Microsoft\WindowsApps;C:\Program Files\Bandizip\;C:\Users\troffe\AppData\Local\Programs\Microsoft VS Code\bin;C:\javas\eclipse;
USERNAME=troffe
OS=Windows_NT
PROCESSOR_IDENTIFIER=Intel64 Family 6 Model 140 Stepping 1, GenuineIntel
TMP=C:\Users\troffe\AppData\Local\Temp
TEMP=C:\Users\troffe\AppData\Local\Temp



---------------  S Y S T E M  ---------------

OS:
 Windows 10 , 64 bit Build 19041 (10.0.19041.2546)
OS uptime: 6 days 23:18 hours

CPU: total 8 (initial active 8) (4 cores per cpu, 2 threads per core) family 6 model 140 stepping 1 microcode 0x66, cx8, cmov, fxsr, ht, mmx, 3dnowpref, sse, sse2, sse3, ssse3, sse4.1, sse4.2, popcnt, lzcnt, tsc, tscinvbit, avx, avx2, aes, erms, clmul, bmi1, bmi2, adx, avx512f, avx512dq, avx512cd, avx512bw, avx512vl, sha, fma, vzeroupper, avx512_vpopcntdq, avx512_vpclmulqdq, avx512_vaes, avx512_vnni, clflush, clflushopt, clwb, avx512_vbmi2, avx512_vbmi

Memory: 4k page, system-wide physical 16183M (8300M free)
TotalPageFile size 46627M (AvailPageFile size 166M)
current process WorkingSet (physical memory assigned to process): 10M, peak: 10M
current process commit charge ("private bytes"): 60M, peak: 314M

vm_info: OpenJDK 64-Bit Server VM (17.0.5+8) for windows-amd64 JRE (17.0.5+8), built on Oct 19 2022 04:48:13 by "temurin" with MS VC++ 16.7 (VS2019)

END.
